<?xml version="1.0" encoding="UTF-8"?>
<!-- Generated by org.testng.reporters.JUnitReportReporter -->
<testsuite hostname="DESKTOP-7O6QIK2" failures="0" tests="1" name="TestNGBasic.google" time="19.180" errors="0" timestamp="2022-06-15T09:57:58 IST" skipped="0">
  <testcase classname="TestNGBasic.google" name="enterTheSearch" time="19.180"/>
  <system-out/>
</testsuite> <!-- TestNGBasic.google -->
