<?xml version="1.0" encoding="UTF-8"?>
<!-- Generated by org.testng.reporters.JUnitReportReporter -->
<testsuite hostname="DESKTOP-7O6QIK2" failures="0" tests="7" name="TestNGBasic.class1" time="24.544" errors="0" timestamp="2022-06-15T09:57:58 IST" skipped="0">
  <testcase classname="TestNGBasic.class1" name="EnterLoginDetails" time="5.218"/>
  <system-out/>
  <testcase classname="TestNGBasic.class1" name="VerifyMyInfo" time="0.096"/>
  <system-out/>
  <testcase classname="TestNGBasic.class1" name="NavigateToMyInfo" time="2.278"/>
  <system-out/>
  <testcase classname="TestNGBasic.class1" name="VerifyLogin" time="0.062"/>
  <system-out/>
  <testcase classname="TestNGBasic.class1" name="LaunchApp" time="4.777"/>
  <system-out/>
  <testcase classname="TestNGBasic.class1" name="EnterLoginDetails" time="5.167"/>
  <system-out/>
  <testcase classname="TestNGBasic.class1" name="LaunchApp" time="6.946"/>
  <system-out/>
</testsuite> <!-- TestNGBasic.class1 -->
