<?xml version="1.0" encoding="UTF-8"?>
<!-- Generated by org.testng.reporters.JUnitReportReporter -->
<testsuite hostname="DESKTOP-7O6QIK2" failures="0" tests="1" name="TestNGBasic.google" time="20.237" errors="0" timestamp="2022-07-12T12:54:15 IST" skipped="0">
  <testcase classname="TestNGBasic.google" name="enterTheSearch" time="20.237"/>
  <system-out/>
</testsuite> <!-- TestNGBasic.google -->
