<?xml version="1.0" encoding="UTF-8"?>
<!-- Generated by org.testng.reporters.JUnitReportReporter -->
<testsuite hostname="DESKTOP-7O6QIK2" failures="0" tests="4" name="TestNGBasic.implicity" time="10.587" errors="0" timestamp="2022-06-13T22:54:47 IST" skipped="0">
  <testcase classname="TestNGBasic.implicity" name="enterTheInput" time="2.278"/>
  <system-out/>
  <testcase classname="TestNGBasic.implicity" name="enterTheInput" time="2.283"/>
  <system-out/>
  <testcase classname="TestNGBasic.implicity" name="clickLogin" time="0.445"/>
  <system-out/>
  <testcase classname="TestNGBasic.implicity" name="enterTheInput" time="5.581"/>
  <system-out/>
</testsuite> <!-- TestNGBasic.implicity -->
