<?xml version="1.0" encoding="UTF-8"?>
<!-- Generated by org.testng.reporters.JUnitReportReporter -->
<testsuite hostname="DESKTOP-7O6QIK2" failures="0" tests="1" name="functional.Calling" time="26.115" errors="0" timestamp="2022-06-26T12:09:53 IST" skipped="0">
  <testcase classname="functional.Calling" name="running" time="26.115"/>
  <system-out/>
</testsuite> <!-- functional.Calling -->
