<?xml version="1.0" encoding="UTF-8"?>
<!-- Generated by org.testng.reporters.JUnitReportReporter -->
<testsuite hostname="DESKTOP-7O6QIK2" failures="0" tests="1" name="TestNGBasic.NewTest" time="0.001" errors="0" timestamp="2022-06-13T13:07:47 IST" skipped="0">
  <testcase classname="TestNGBasic.NewTest" name="f" time="0.001"/>
  <system-out/>
</testsuite> <!-- TestNGBasic.NewTest -->
