<?xml version="1.0" encoding="UTF-8"?>
<!-- Generated by org.testng.reporters.JUnitReportReporter -->
<testsuite hostname="DESKTOP-7O6QIK2" failures="0" tests="4" name="TestNGBasic.implicity" time="12.828" errors="0" timestamp="2022-06-15T11:16:14 IST" skipped="0">
  <testcase classname="TestNGBasic.implicity" name="clickLogin" time="0.392"/>
  <system-out/>
  <testcase classname="TestNGBasic.implicity" name="enterTheInput" time="2.367"/>
  <system-out/>
  <testcase classname="TestNGBasic.implicity" name="enterTheInput" time="7.521"/>
  <system-out/>
  <testcase classname="TestNGBasic.implicity" name="enterTheInput" time="2.548"/>
  <system-out/>
</testsuite> <!-- TestNGBasic.implicity -->
