<?xml version="1.0" encoding="UTF-8"?>
<!-- Generated by org.testng.reporters.JUnitReportReporter -->
<testsuite hostname="DESKTOP-7O6QIK2" failures="0" tests="1" name="TestNGBasic.google" time="16.678" errors="0" timestamp="2022-06-13T18:53:09 IST" skipped="0">
  <testcase classname="TestNGBasic.google" name="enterTheSearch" time="16.678"/>
  <system-out/>
</testsuite> <!-- TestNGBasic.google -->
