<?xml version="1.0" encoding="UTF-8"?>
<!-- Generated by org.testng.reporters.JUnitReportReporter -->
<testsuite hostname="DESKTOP-7O6QIK2" failures="0" tests="4" name="TestNGBasic.implicity" time="11.460" errors="0" timestamp="2022-06-26T12:09:53 IST" skipped="0">
  <testcase classname="TestNGBasic.implicity" name="enterTheInput" time="2.489"/>
  <system-out/>
  <testcase classname="TestNGBasic.implicity" name="clickLogin" time="0.313"/>
  <system-out/>
  <testcase classname="TestNGBasic.implicity" name="enterTheInput" time="6.246"/>
  <system-out/>
  <testcase classname="TestNGBasic.implicity" name="enterTheInput" time="2.412"/>
  <system-out/>
</testsuite> <!-- TestNGBasic.implicity -->
