<?xml version="1.0" encoding="UTF-8"?>
<!-- Generated by org.testng.reporters.JUnitReportReporter -->
<testsuite hostname="DESKTOP-7O6QIK2" failures="0" tests="1" name="TestNGBasic.google" time="18.716" errors="0" timestamp="2022-06-26T14:56:39 IST" skipped="0">
  <testcase classname="TestNGBasic.google" name="enterTheSearch" time="18.716"/>
  <system-out/>
</testsuite> <!-- TestNGBasic.google -->
