<?xml version="1.0" encoding="UTF-8"?>
<!-- Generated by org.testng.reporters.JUnitReportReporter -->
<testsuite hostname="DESKTOP-7O6QIK2" failures="0" tests="3" name="TestNGBasic.class1" time="9.520" errors="0" timestamp="2022-06-26T12:09:53 IST" skipped="0">
  <testcase classname="TestNGBasic.class1" name="LaunchApp" time="4.027"/>
  <system-out/>
  <testcase classname="TestNGBasic.class1" name="EnterLoginDetails" time="5.446"/>
  <system-out/>
  <testcase classname="TestNGBasic.class1" name="VerifyLogin" time="0.047"/>
  <system-out/>
</testsuite> <!-- TestNGBasic.class1 -->
