<?xml version="1.0" encoding="UTF-8"?>
<!-- Generated by org.testng.reporters.JUnitReportReporter -->
<testsuite hostname="DESKTOP-7O6QIK2" failures="0" tests="3" name="TestNGBasic.implicity" time="13.679" errors="0" timestamp="2022-07-18T12:14:17 IST" skipped="0">
  <testcase classname="TestNGBasic.implicity" name="enterTheInput" time="5.768"/>
  <system-out/>
  <testcase classname="TestNGBasic.implicity" name="enterTheInput" time="4.235"/>
  <system-out/>
  <testcase classname="TestNGBasic.implicity" name="enterTheInput" time="3.676"/>
  <system-out/>
</testsuite> <!-- TestNGBasic.implicity -->
