<?xml version="1.0" encoding="UTF-8"?>
<!-- Generated by org.testng.reporters.JUnitReportReporter -->
<testsuite hostname="DESKTOP-7O6QIK2" failures="0" tests="4" name="TestNGBasic.implicity" time="12.408" errors="0" timestamp="2022-07-12T12:59:41 IST" skipped="0">
  <testcase classname="TestNGBasic.implicity" name="enterTheInput" time="3.093"/>
  <system-out/>
  <testcase classname="TestNGBasic.implicity" name="enterTheInput" time="5.818"/>
  <system-out/>
  <testcase classname="TestNGBasic.implicity" name="enterTheInput" time="3.078"/>
  <system-out/>
  <testcase classname="TestNGBasic.implicity" name="clickLogin" time="0.419"/>
  <system-out/>
</testsuite> <!-- TestNGBasic.implicity -->
